2026-02-23 12:31:55,743 - app - INFO - User Admin added new item: SGLTLNV0486 with serial number: PW0BC04W
2026-02-23 12:36:48,116 - app - ERROR - Error importing CSV file: Unable to parse date: 3
2026-02-23 12:37:51,567 - app - ERROR - Error importing CSV file: Unable to parse date: 3
2026-02-23 12:39:13,059 - app - ERROR - Error importing CSV file: Unable to parse date: 3
2026-02-23 12:39:59,011 - app - ERROR - Error importing CSV file: Unable to parse date: 3
2026-02-23 12:41:29,194 - app - ERROR - Error importing CSV file: Unable to parse date: 100
2026-02-23 12:48:56,333 - app - ERROR - Error importing CSV file: Row 2 has 19 columns; expected at least 20.
2026-02-23 12:49:55,338 - app - ERROR - Error importing CSV file: Unable to parse date: 03/01/2022
2026-02-23 12:50:38,427 - app - ERROR - Error importing CSV file: invalid literal for int() with base 10: 'IT'
2026-02-23 12:51:09,481 - app - ERROR - Error importing CSV file: invalid literal for int() with base 10: 'IT'
2026-02-23 12:52:33,248 - app - ERROR - Error importing CSV file: invalid literal for int() with base 10: 'IT'
2026-02-23 12:56:41,992 - app - INFO - Fetched 2 logs
2026-02-23 13:02:51,775 - app - INFO - Fetched 4 logs
2026-02-23 13:20:18,074 - app - INFO - Fetched 4 logs
2026-02-23 14:04:53,521 - app - INFO - Fetched 7 logs
2026-02-23 14:05:48,383 - app - INFO - Fetched 8 logs
2026-02-23 14:08:53,116 - app - INFO - Admin updated item: SGLTLNV0486 with serial number: PW0BC04W
2026-02-23 14:09:38,059 - app - INFO - Admin updated item: SGLTLNV0486 with serial number: PW0BC04W
2026-02-23 14:09:39,306 - app - INFO - Fetched 12 logs
2026-02-23 14:22:05,486 - app - INFO - Admin updated item: INLTLNV0005 with serial number: R914XRZB
2026-02-23 14:22:09,801 - app - INFO - Fetched 13 logs
2026-02-23 14:22:28,980 - app - INFO - Admin updated item: SGLTLNV0486 with serial number: PW0BC04W
2026-02-23 14:24:05,799 - app - INFO - Admin updated item: SGLTLNV0486 with serial number: PW0BC04W
2026-02-23 14:27:12,568 - app - INFO - Fetched 15 logs
2026-02-23 14:36:21,197 - app - INFO - Fetched 16 logs
2026-02-23 14:52:15,618 - app - INFO - Fetched 16 logs
2026-02-23 16:06:49,650 - app - INFO - Fetched 16 logs
2026-02-23 16:07:12,003 - app - INFO - Fetched 16 logs
2026-02-23 16:07:14,798 - app - INFO - Fetched 16 logs
2026-02-23 16:07:15,692 - app - INFO - Fetched 16 logs
2026-02-23 16:07:20,167 - app - INFO - Fetched 16 logs
2026-02-23 16:07:21,141 - app - INFO - Fetched 16 logs
2026-02-23 16:07:31,518 - app - INFO - Fetched 16 logs
2026-02-23 16:08:44,721 - app - INFO - Fetched 16 logs
2026-02-23 16:08:46,348 - app - INFO - Fetched 16 logs
2026-02-23 16:09:43,650 - app - INFO - Fetched 16 logs
2026-02-23 16:09:44,761 - app - INFO - Fetched 16 logs
2026-02-23 16:17:26,584 - app - INFO - User Admin added new item: SGLTLNV0017 with serial number: PW0BC04
2026-02-23 16:19:11,741 - app - INFO - User Admin added new item: VNLTLNV0018 with serial number: PW0BC0445
2026-02-23 16:25:31,057 - app - INFO - User Admin added new item: INLTDLL0487 with serial number: PW0BC0987
2026-02-23 16:26:29,017 - app - INFO - Fetched 20 logs
2026-02-23 16:28:23,379 - app - INFO - Fetched 20 logs
2026-02-23 16:52:16,560 - app - INFO - User Admin added new item: MYLTLNV0006 with serial number: PW0BC9999
2026-02-24 09:18:35,113 - app - INFO - Fetched 28 logs
2026-02-24 09:19:48,695 - app - INFO - Fetched 29 logs
2026-02-24 09:45:53,708 - app - INFO - Fetched 30 logs
2026-02-24 10:44:58,940 - app - ERROR - Error importing pre-users: (pymysql.err.IntegrityError) (1062, "Duplicate entry 'Tirth Mehta' for key 'pre_user.ix_pre_user_name'")
[SQL: INSERT INTO pre_user (name, department, created_at) VALUES (%(name)s, %(department)s, %(created_at)s)]
[parameters: {'name': 'Tirth Mehta', 'department': None, 'created_at': datetime.datetime(2026, 2, 24, 5, 14, 58, 931528)}]
(Background on this error at: https://sqlalche.me/e/20/gkpj)
2026-02-24 10:45:50,832 - app - ERROR - Error importing pre-users: (pymysql.err.IntegrityError) (1062, "Duplicate entry 'Tirth Mehta' for key 'pre_user.ix_pre_user_name'")
[SQL: INSERT INTO pre_user (name, department, created_at) VALUES (%(name)s, %(department)s, %(created_at)s)]
[parameters: {'name': 'Tirth Mehta', 'department': None, 'created_at': datetime.datetime(2026, 2, 24, 5, 15, 50, 828275)}]
(Background on this error at: https://sqlalche.me/e/20/gkpj)
2026-02-24 11:04:08,004 - app - INFO - Fetched 41 logs
2026-02-24 11:04:46,001 - app - INFO - Fetched 41 logs
2026-02-24 11:14:04,403 - app - INFO - Fetched 41 logs
2026-02-24 12:31:41,361 - app - ERROR - Error importing CSV file: Unable to parse date: 3/17/22
2026-02-24 12:41:44,548 - app - INFO - Fetched 42 logs
2026-02-24 12:46:45,310 - app - INFO - Fetched 42 logs
2026-02-24 13:40:04,402 - app - INFO - Fetched 44 logs
2026-02-24 13:40:13,832 - app - ERROR - Error importing CSV file: (pymysql.err.IntegrityError) (1062, "Duplicate entry 'CXT9YQ2' for key 'inventory.serial_number'")
[SQL: INSERT INTO inventory (asset_tag, asset_type, status, brand, model, fa_code, serial_number, operating_system, purchase_date, purchase_amount, age, current_owner, previous_owner, warranty_end_date, condition_notes, department, office, country, vendor_location, updated_by, is_deleted, deleted_at, deleted_by) VALUES (%(asset_tag)s, %(asset_type)s, %(status)s, %(brand)s, %(model)s, %(fa_code)s, %(serial_number)s, %(operating_system)s, %(purchase_date)s, %(purchase_amount)s, %(age)s, %(current_owner)s, %(previous_owner)s, %(warranty_end_date)s, %(condition_notes)s, %(department)s, %(office)s, %(country)s, %(vendor_location)s, %(updated_by)s, %(is_deleted)s, %(deleted_at)s, %(deleted_by)s)]
[parameters: {'asset_tag': 'INLTDLL0023', 'asset_type': 'Laptop', 'status': 'Available', 'brand': 'Dell', 'model': '5570', 'fa_code': 'FACP000010', 'serial_number': 'CXT9YQ2', 'operating_system': 'Windows', 'purchase_date': datetime.datetime(2018, 9, 18, 0, 0), 'purchase_amount': Decimal('100'), 'age': 7, 'current_owner': 'IT', 'previous_owner': 'Tejaswini Sadula', 'warranty_end_date': datetime.datetime(2019, 12, 21, 0, 0), 'condition_notes': 'Working Condition', 'department': 'IT', 'office': 'Mumbai', 'country': 'India', 'vendor_location': 'India', 'updated_by': 'Sameer Mishra', 'is_deleted': 0, 'deleted_at': None, 'deleted_by': None}]
(Background on this error at: https://sqlalche.me/e/20/gkpj)
2026-02-24 13:43:06,587 - app - INFO - Fetched 45 logs
2026-02-24 14:11:20,580 - app - ERROR - Error importing expense CSV: Row 2: vendor "Salesforce" is not pre-added
2026-02-24 14:13:10,444 - app - INFO - Fetched 47 logs
2026-02-24 15:18:25,943 - app - INFO - Fetched 47 logs
